<?xml version="1.0" encoding="UTF-8"?>
<!-- Generated by org.testng.reporters.JUnitXMLReporter -->
<testsuite ignored="0" hostname="LAPTOP-7DJ18U3D" failures="1" tests="3" name="Test" time="13.371" errors="0" timestamp="2022-10-25T15:45:50 IST">
  <testcase classname="AllureReports.Tests" name="messagePresence" time="0.166"/>
  <testcase classname="AllureReports.Tests" name="logintest" time="4.98">
    <failure type="org.junit.ComparisonFailure" message="expected:&amp;lt;...merce administration[]&amp;gt; but was:&amp;lt;...merce administration[MM]&amp;gt;">
      <![CDATA[org.junit.ComparisonFailure: expected:<...merce administration[]> but was:<...merce administration[MM]>
at org.junit.Assert.assertEquals(Assert.java:117)
at org.junit.Assert.assertEquals(Assert.java:146)
at AllureReports.Tests.logintest(Tests.java:69)
at java.base/java.util.ArrayList.forEach(ArrayList.java:1511)
... Removed 30 stack frames]]>
    </failure>
  </testcase> <!-- logintest -->
  <testcase classname="AllureReports.Tests" name="registrationTest" time="0.009">
    <skipped/>
  </testcase> <!-- registrationTest -->
</testsuite> <!-- Test -->
