<?xml version="1.0" encoding="UTF-8"?>
<testsuite xmlns:xsi="http://www.w3.org/2001/XMLSchema-instance" xsi:noNamespaceSchemaLocation="https://maven.apache.org/surefire/maven-surefire-plugin/xsd/surefire-test-report.xsd" name="TestSuite" time="15.939" tests="3" errors="0" skipped="1" failures="1">
  <properties>
[...]
</properties>
  <testcase name="messagePresence" classname="AllureReports.Tests" time="0.173"/>
  <testcase name="logintest" classname="AllureReports.Tests" time="5.374">
    <failure message="expected:&lt;...merce administration[]&gt; but was:&lt;...merce administration[MM]&gt;" type="org.junit.ComparisonFailure"><![CDATA[org.junit.ComparisonFailure: expected:<...merce administration[]> but was:<...merce administration[MM]>
	at AllureReports.Tests.logintest(Tests.java:69)
]]></failure>
    <system-out><![CDATA[I am in onTestStart method logintest start
I am in onTestFailure method logintest failed
Screenshot captured for test case:logintest
]]></system-out>
  </testcase>
  <testcase name="registrationTest" classname="AllureReports.Tests" time="0">
    <skipped message="Skipping this Test"/>
    <system-out><![CDATA[I am in onTestStart method registrationTest start
I am in onTestSkipped method registrationTest skipped
]]></system-out>
  </testcase>
</testsuite>