-------------------------------------------------------------------------------
Test set: TestSuite
-------------------------------------------------------------------------------
Tests run: 3, Failures: 1, Errors: 0, Skipped: 1, Time elapsed: 15.939 s <<< FAILURE! - in TestSuite
logintest(AllureReports.Tests)  Time elapsed: 5.374 s  <<< FAILURE!
org.junit.ComparisonFailure: expected:<...merce administration[]> but was:<...merce administration[MM]>
	at AllureReports.Tests.logintest(Tests.java:69)

